{"datasourceId":"6818ebf5ac16374ab4ae200f","id":"677e72c836a1e721b17916fd","level":"info","message":"Datasource added","timestamp":"2025-05-05T16:48:54.048Z","type":"add_datasource"}
{"datasourceId":"6818ee53d579aac8b73bda07","id":"677e72c836a1e721b17916fd","level":"info","message":"Datasource added","timestamp":"2025-05-05T16:58:59.719Z","type":"add_datasource"}
{"level":"info","message":{"datasourceId":"6818ef85baf1a0045c4f0d7e","id":"677e72c836a1e721b17916fd","type":"add_datasource"},"timestamp":"2025-05-05T17:04:05.905Z"}
{"level":"info","message":{"datasource_id":"6818f0329e0d6e05405c68a0","id":"677e72c836a1e721b17916fd","type":"upload_csv"},"timestamp":"2025-05-05T17:06:58.894Z"}
{"id":"677e72c836a1e721b17916fd","level":"info","message":"Action performed","sourceId":"6802bbe8c688a08b0854a51e","timestamp":"2025-05-05T21:50:18.422+03:00","type":"get_dashboard_prometheus"}
{"id":"677e72c836a1e721b17916fd","level":"info","message":"Action performed","sourceId":"6802bbe8c688a08b0854a51e","timestamp":"2025-05-05T21:50:19.243+03:00","type":"get_dashboard_prometheus"}
{"id":"677e72c836a1e721b17916fd","level":"info","message":"Action performed","sourceId":"6802bbe8c688a08b0854a51e","timestamp":"2025-05-05T21:50:20.230+03:00","type":"get_dashboard_prometheus"}
{"id":"677e72c836a1e721b17916fd","level":"info","message":"Action performed","sourceId":"6802bbe8c688a08b0854a51e","timestamp":"2025-05-05T21:50:21.212+03:00","type":"get_dashboard_prometheus"}
{"id":"677e72c836a1e721b17916fd","level":"info","message":"Action performed","sourceId":"6802bbe8c688a08b0854a51e","timestamp":"2025-05-05T21:50:22.255+03:00","type":"get_dashboard_prometheus"}
{"id":"677e72c836a1e721b17916fd","level":"info","message":"Action performed","sourceId":"6802bbe8c688a08b0854a51e","timestamp":"2025-05-05T21:50:23.227+03:00","type":"get_dashboard_prometheus"}
{"id":"677e72c836a1e721b17916fd","level":"info","message":"Action performed","sourceId":"6802bbe8c688a08b0854a51e","timestamp":"2025-05-05T21:50:24.248+03:00","type":"get_dashboard_prometheus"}
{"id":"677e72c836a1e721b17916fd","level":"info","message":"Action performed","sourceId":"6802bbe8c688a08b0854a51e","timestamp":"2025-05-05T21:50:25.226+03:00","type":"get_dashboard_prometheus"}
{"id":"677e72c836a1e721b17916fd","level":"info","message":"Action performed","sourceId":"6802bbe8c688a08b0854a51e","timestamp":"2025-05-05T21:56:13.343+03:00","type":"get_dashboard_prometheus"}
{"id":"677e72c836a1e721b17916fd","level":"info","message":"Action performed","sourceId":"6802bbe8c688a08b0854a51e","timestamp":"2025-05-05T21:56:14.239+03:00","type":"get_dashboard_prometheus"}
{"id":"677e72c836a1e721b17916fd","level":"info","message":"Action performed","sourceId":"6802bbe8c688a08b0854a51e","timestamp":"2025-05-05T21:56:15.207+03:00","type":"get_dashboard_prometheus"}
{"id":"677e72c836a1e721b17916fd","level":"info","message":"Action performed","sourceId":"6802bbe8c688a08b0854a51e","timestamp":"2025-05-05T21:56:16.210+03:00","type":"get_dashboard_prometheus"}
{"id":"677e72c836a1e721b17916fd","level":"info","message":"Action performed","sourceId":"6802bbe8c688a08b0854a51e","timestamp":"2025-05-05T21:56:17.278+03:00","type":"get_dashboard_prometheus"}
{"id":"677e72c836a1e721b17916fd","level":"info","message":"Action performed","sourceId":"6802bbe8c688a08b0854a51e","timestamp":"2025-05-05T21:56:18.294+03:00","type":"get_dashboard_prometheus"}
{"id":"677e72c836a1e721b17916fd","level":"info","message":"Action performed","sourceId":"6802bbe8c688a08b0854a51e","timestamp":"2025-05-05T21:56:19.230+03:00","type":"get_dashboard_prometheus"}
{"id":"677e72c836a1e721b17916fd","level":"info","message":"Action performed","sourceId":"6802bbe8c688a08b0854a51e","timestamp":"2025-05-05T21:56:20.222+03:00","type":"get_dashboard_prometheus"}
{"id":"677e72c836a1e721b17916fd","level":"info","message":"Action performed","sourceId":"6802bbe8c688a08b0854a51e","timestamp":"2025-05-05T21:56:21.197+03:00","type":"get_dashboard_prometheus"}
{"id":"677e72c836a1e721b17916fd","level":"info","message":"Action performed","sourceId":"6802bbe8c688a08b0854a51e","timestamp":"2025-05-05T21:56:27.039+03:00","type":"get_dashboard_prometheus"}
{"id":"677e72c836a1e721b17916fd","level":"info","message":"Action performed","sourceId":"6802bbe8c688a08b0854a51e","timestamp":"2025-05-05T21:56:27.963+03:00","type":"get_dashboard_prometheus"}
{"id":"677e72c836a1e721b17916fd","level":"info","message":"Action performed","sourceId":"6802bbe8c688a08b0854a51e","timestamp":"2025-05-05T21:56:28.974+03:00","type":"get_dashboard_prometheus"}
{"id":"677e72c836a1e721b17916fd","level":"info","message":"Action performed","sourceId":"6802bbe8c688a08b0854a51e","timestamp":"2025-05-05T21:56:30.065+03:00","type":"get_dashboard_prometheus"}
{"id":"677e72c836a1e721b17916fd","level":"info","message":"Action performed","sourceId":"6802bbe8c688a08b0854a51e","timestamp":"2025-05-05T21:56:30.991+03:00","type":"get_dashboard_prometheus"}
{"id":"677e72c836a1e721b17916fd","level":"info","message":"Action performed","sourceId":"6802bbe8c688a08b0854a51e","timestamp":"2025-05-05T21:56:32.034+03:00","type":"get_dashboard_prometheus"}
{"id":"677e72c836a1e721b17916fd","level":"info","message":"Action performed","sourceId":"6802bbe8c688a08b0854a51e","timestamp":"2025-05-05T21:56:33.110+03:00","type":"get_dashboard_prometheus"}
{"id":"677e72c836a1e721b17916fd","level":"info","message":"Action performed","sourceId":"6802bbe8c688a08b0854a51e","timestamp":"2025-05-05T21:56:34.412+03:00","type":"get_dashboard_prometheus"}
{"id":"677e72c836a1e721b17916fd","level":"info","message":"Action performed","sourceId":"6802bbe8c688a08b0854a51e","timestamp":"2025-05-05T21:56:35.039+03:00","type":"get_dashboard_prometheus"}
{"id":"677e72c836a1e721b17916fd","level":"info","message":"Action performed","sourceId":"6802bbe8c688a08b0854a51e","timestamp":"2025-05-05T21:56:41.154+03:00","type":"get_dashboard_prometheus"}
{"id":"677e72c836a1e721b17916fd","level":"info","message":"Action performed","sourceId":"6802bbe8c688a08b0854a51e","timestamp":"2025-05-05T21:56:42.165+03:00","type":"get_dashboard_prometheus"}
{"id":"677e72c836a1e721b17916fd","level":"info","message":"Action performed","sourceId":"6802bbe8c688a08b0854a51e","timestamp":"2025-05-05T21:56:43.188+03:00","type":"get_dashboard_prometheus"}
{"id":"677e72c836a1e721b17916fd","level":"info","message":"Action performed","sourceId":"6802bbe8c688a08b0854a51e","timestamp":"2025-05-05T21:56:44.290+03:00","type":"get_dashboard_prometheus"}
{"id":"677e72c836a1e721b17916fd","level":"info","message":"Action performed","sourceId":"6802bbe8c688a08b0854a51e","timestamp":"2025-05-05T21:56:45.413+03:00","type":"get_dashboard_prometheus"}
{"id":"677e72c836a1e721b17916fd","level":"info","message":"Action performed","sourceId":"6802bbe8c688a08b0854a51e","timestamp":"2025-05-05T21:56:46.239+03:00","type":"get_dashboard_prometheus"}
{"id":"677e72c836a1e721b17916fd","level":"info","message":"Action performed","sourceId":"6802bbe8c688a08b0854a51e","timestamp":"2025-05-05T21:56:47.213+03:00","type":"get_dashboard_prometheus"}
{"id":"677e72c836a1e721b17916fd","level":"info","message":"Action performed","sourceId":"6802bbe8c688a08b0854a51e","timestamp":"2025-05-05T21:56:48.141+03:00","type":"get_dashboard_prometheus"}
{"id":"677e72c836a1e721b17916fd","level":"info","message":"Action performed","sourceId":"6802bbe8c688a08b0854a51e","timestamp":"2025-05-05T21:56:49.219+03:00","type":"get_dashboard_prometheus"}
{"id":"677e72c836a1e721b17916fd","level":"info","message":"Action performed","sourceId":"6802bbe8c688a08b0854a51e","timestamp":"2025-05-05T21:56:50.189+03:00","type":"get_dashboard_prometheus"}
{"id":"677e72c836a1e721b17916fd","level":"info","message":"Action performed","sourceId":"6802bbe8c688a08b0854a51e","timestamp":"2025-05-05T21:56:51.588+03:00","type":"get_dashboard_prometheus"}
{"id":"677e72c836a1e721b17916fd","level":"info","message":"Action performed","sourceId":"6802bbe8c688a08b0854a51e","timestamp":"2025-05-05T21:56:53.772+03:00","type":"get_dashboard_prometheus"}
{"id":"677e72c836a1e721b17916fd","level":"info","message":"Action performed","sourceId":"6802bbe8c688a08b0854a51e","timestamp":"2025-05-05T21:56:53.921+03:00","type":"get_dashboard_prometheus"}
{"id":"677e72c836a1e721b17916fd","level":"info","message":"Action performed","sourceId":"6802bbe8c688a08b0854a51e","timestamp":"2025-05-05T21:56:54.224+03:00","type":"get_dashboard_prometheus"}
{"id":"677e72c836a1e721b17916fd","level":"info","message":"Action performed","sourceId":"6802bbe8c688a08b0854a51e","timestamp":"2025-05-05T21:56:55.190+03:00","type":"get_dashboard_prometheus"}
{"id":"677e72c836a1e721b17916fd","level":"info","message":"Action performed","sourceId":"6802bbe8c688a08b0854a51e","timestamp":"2025-05-05T21:56:56.236+03:00","type":"get_dashboard_prometheus"}
{"id":"677e72c836a1e721b17916fd","level":"info","message":"Action performed","sourceId":"6802bbe8c688a08b0854a51e","timestamp":"2025-05-05T21:56:57.181+03:00","type":"get_dashboard_prometheus"}
{"id":"677e72c836a1e721b17916fd","level":"info","message":"Action performed","sourceId":"6802bbe8c688a08b0854a51e","timestamp":"2025-05-05T21:56:58.248+03:00","type":"get_dashboard_prometheus"}
{"id":"677e72c836a1e721b17916fd","level":"info","message":"Action performed","sourceId":"6802bbe8c688a08b0854a51e","timestamp":"2025-05-05T21:56:59.178+03:00","type":"get_dashboard_prometheus"}
{"id":"677e72c836a1e721b17916fd","level":"info","message":"Action performed","sourceId":"6802bbe8c688a08b0854a51e","timestamp":"2025-05-05T21:57:00.156+03:00","type":"get_dashboard_prometheus"}
{"id":"677e72c836a1e721b17916fd","level":"info","message":"Action performed","sourceId":"6802bbe8c688a08b0854a51e","timestamp":"2025-05-05T21:57:01.161+03:00","type":"get_dashboard_prometheus"}
{"id":"677e72c836a1e721b17916fd","level":"info","message":"Action performed","sourceId":"6802bbe8c688a08b0854a51e","timestamp":"2025-05-05T21:57:02.196+03:00","type":"get_dashboard_prometheus"}
{"id":"677e72c836a1e721b17916fd","level":"info","message":"Action performed","sourceId":"6802bbe8c688a08b0854a51e","timestamp":"2025-05-05T21:57:03.169+03:00","type":"get_dashboard_prometheus"}
{"id":"677e72c836a1e721b17916fd","level":"info","message":"Action performed","sourceId":"6802bbe8c688a08b0854a51e","timestamp":"2025-05-05T21:57:04.196+03:00","type":"get_dashboard_prometheus"}
{"id":"677e72c836a1e721b17916fd","level":"info","message":"Action performed","sourceId":"6802bbe8c688a08b0854a51e","timestamp":"2025-05-05T21:57:05.138+03:00","type":"get_dashboard_prometheus"}
{"id":"677e72c836a1e721b17916fd","level":"info","message":"Action performed","sourceId":"6802bbe8c688a08b0854a51e","timestamp":"2025-05-05T21:57:06.149+03:00","type":"get_dashboard_prometheus"}
{"id":"677e72c836a1e721b17916fd","level":"info","message":"Action performed","sourceId":"6802bbe8c688a08b0854a51e","timestamp":"2025-05-05T21:57:07.166+03:00","type":"get_dashboard_prometheus"}
{"id":"677e72c836a1e721b17916fd","level":"info","message":"Action performed","sourceId":"6802bbe8c688a08b0854a51e","timestamp":"2025-05-06T07:13:05.361+03:00","type":"get_dashboard_prometheus"}
{"id":"677e72c836a1e721b17916fd","level":"info","message":"Action performed","sourceId":"6802bbe8c688a08b0854a51e","timestamp":"2025-05-06T07:13:06.209+03:00","type":"get_dashboard_prometheus"}
{"id":"677e72c836a1e721b17916fd","level":"info","message":"Action performed","sourceId":"6802bbe8c688a08b0854a51e","timestamp":"2025-05-06T07:13:07.214+03:00","type":"get_dashboard_prometheus"}
{"id":"677e72c836a1e721b17916fd","level":"info","message":"Action performed","sourceId":"6802bbe8c688a08b0854a51e","timestamp":"2025-05-06T07:13:08.241+03:00","type":"get_dashboard_prometheus"}
{"id":"677e72c836a1e721b17916fd","level":"info","message":"Action performed","sourceId":"6802bbe8c688a08b0854a51e","timestamp":"2025-05-06T07:13:09.190+03:00","type":"get_dashboard_prometheus"}
{"id":"677e72c836a1e721b17916fd","level":"info","message":"Action performed","sourceId":"6802bbe8c688a08b0854a51e","timestamp":"2025-05-06T07:13:10.228+03:00","type":"get_dashboard_prometheus"}
{"id":"677e72c836a1e721b17916fd","level":"info","message":"Action performed","sourceId":"6802bbe8c688a08b0854a51e","timestamp":"2025-05-06T07:13:11.221+03:00","type":"get_dashboard_prometheus"}
{"id":"677e72c836a1e721b17916fd","level":"info","message":"Action performed","sourceId":"6802bbe8c688a08b0854a51e","timestamp":"2025-05-06T07:13:12.265+03:00","type":"get_dashboard_prometheus"}
{"id":"677e72c836a1e721b17916fd","level":"info","message":"Action performed","sourceId":"6802bbe8c688a08b0854a51e","timestamp":"2025-05-06T07:13:13.184+03:00","type":"get_dashboard_prometheus"}
{"id":"677e72c836a1e721b17916fd","level":"info","message":"Action performed","sourceId":"6802bbe8c688a08b0854a51e","timestamp":"2025-05-06T07:13:14.192+03:00","type":"get_dashboard_prometheus"}
{"id":"677e72c836a1e721b17916fd","level":"info","message":"Action performed","sourceId":"6802bbe8c688a08b0854a51e","timestamp":"2025-05-06T07:13:15.203+03:00","type":"get_dashboard_prometheus"}
{"id":"677e72c836a1e721b17916fd","level":"info","message":"Action performed","sourceId":"6802bbe8c688a08b0854a51e","timestamp":"2025-05-06T07:13:16.194+03:00","type":"get_dashboard_prometheus"}
{"id":"677e72c836a1e721b17916fd","level":"info","message":"Action performed","sourceId":"6802bbe8c688a08b0854a51e","timestamp":"2025-05-06T07:13:17.199+03:00","type":"get_dashboard_prometheus"}
{"id":"677e72c836a1e721b17916fd","level":"info","message":"Action performed","sourceId":"6802bbe8c688a08b0854a51e","timestamp":"2025-05-06T07:13:18.204+03:00","type":"get_dashboard_prometheus"}
{"id":"677e72c836a1e721b17916fd","level":"info","message":"Action performed","sourceId":"6802bbe8c688a08b0854a51e","timestamp":"2025-05-06T07:13:19.188+03:00","type":"get_dashboard_prometheus"}
{"id":"677e72c836a1e721b17916fd","level":"info","message":"Action performed","sourceId":"6802bbe8c688a08b0854a51e","timestamp":"2025-05-06T07:13:20.179+03:00","type":"get_dashboard_prometheus"}
{"id":"677e72c836a1e721b17916fd","level":"info","message":"Action performed","sourceId":"6802bbe8c688a08b0854a51e","timestamp":"2025-05-06T07:13:21.224+03:00","type":"get_dashboard_prometheus"}
{"id":"677e72c836a1e721b17916fd","level":"info","message":"Action performed","sourceId":"6802bbe8c688a08b0854a51e","timestamp":"2025-05-06T07:13:22.166+03:00","type":"get_dashboard_prometheus"}
{"id":"677e72c836a1e721b17916fd","level":"info","message":"Action performed","sourceId":"6802bbe8c688a08b0854a51e","timestamp":"2025-05-06T07:13:23.193+03:00","type":"get_dashboard_prometheus"}
{"id":"677e72c836a1e721b17916fd","level":"info","message":"Action performed","sourceId":"6802bbe8c688a08b0854a51e","timestamp":"2025-05-06T07:13:24.229+03:00","type":"get_dashboard_prometheus"}
{"id":"677e72c836a1e721b17916fd","level":"info","message":"Action performed","sourceId":"6802bbe8c688a08b0854a51e","timestamp":"2025-05-06T07:13:25.235+03:00","type":"get_dashboard_prometheus"}
{"id":"677e72c836a1e721b17916fd","level":"info","message":"Action performed","sourceId":"6802bbe8c688a08b0854a51e","timestamp":"2025-05-06T07:13:26.197+03:00","type":"get_dashboard_prometheus"}
{"id":"677e72c836a1e721b17916fd","level":"info","message":"Action performed","sourceId":"6802bb95c688a08b0854a457","timestamp":"2025-05-06T07:14:27.966+03:00","type":"get_dashboard_csv"}
{"id":"677e72c836a1e721b17916fd","level":"info","message":"Action performed","sourceId":"6802bb95c688a08b0854a457","timestamp":"2025-05-06T07:14:28.322+03:00","type":"get_dashboard_csv"}
{"id":"677e72c836a1e721b17916fd","level":"info","message":"Action performed","sourceId":"6802bb95c688a08b0854a457","timestamp":"2025-05-06T07:14:47.843+03:00","type":"get_dashboard_csv"}
{"id":"677e72c836a1e721b17916fd","level":"info","message":"Action performed","sourceId":"6802bb95c688a08b0854a457","timestamp":"2025-05-06T07:14:48.189+03:00","type":"get_dashboard_csv"}
{"id":"677e72c836a1e721b17916fd","level":"info","message":"Action performed","sourceId":"6802bb3ac688a08b0854a39e","timestamp":"2025-05-06T07:18:35.800+03:00","type":"get_dashboard_loki"}
{"id":"677e72c836a1e721b17916fd","level":"info","message":"Action performed","sourceId":"6802bb3ac688a08b0854a39e","timestamp":"2025-05-06T07:18:37.207+03:00","type":"get_dashboard_loki"}
{"id":"67f0fe5a5beecfb436a69a82","level":"info","message":"Action performed","sourceId":"6802bb3ac688a08b0854a39e","timestamp":"2025-05-06T07:18:40.921+03:00","type":"get_dashboard_loki"}
{"id":"677e72c836a1e721b17916fd","level":"info","message":"Action performed","sourceId":"6802bb3ac688a08b0854a39e","timestamp":"2025-05-06T07:19:41.711+03:00","type":"get_dashboard_loki"}
{"id":"677e72c836a1e721b17916fd","level":"info","message":"Action performed","sourceId":"6802bb3ac688a08b0854a39e","timestamp":"2025-05-06T07:19:46.803+03:00","type":"get_dashboard_loki"}
{"id":"677e72c836a1e721b17916fd","level":"info","message":"Action performed","sourceId":"6802bb3ac688a08b0854a39e","timestamp":"2025-05-06T07:19:53.306+03:00","type":"get_dashboard_loki"}
{"id":"677e72c836a1e721b17916fd","level":"info","message":"Action performed","sourceId":"6802bb3ac688a08b0854a39e","timestamp":"2025-05-06T07:19:54.934+03:00","type":"get_dashboard_loki"}
{"id":"677e72c836a1e721b17916fd","level":"info","message":"Action performed","sourceId":"6802bb3ac688a08b0854a39e","timestamp":"2025-05-06T07:19:56.582+03:00","type":"get_dashboard_loki"}
{"id":"677e72c836a1e721b17916fd","level":"info","message":"Action performed","sourceId":"6802bb3ac688a08b0854a39e","timestamp":"2025-05-06T07:21:29.786+03:00","type":"get_dashboard_loki"}
{"id":"677e72c836a1e721b17916fd","level":"info","message":"Action performed","sourceId":"6802bb3ac688a08b0854a39e","timestamp":"2025-05-06T07:21:31.871+03:00","type":"get_dashboard_loki"}
{"id":"677e72c836a1e721b17916fd","level":"info","message":"Action performed","sourceId":"6802bb3ac688a08b0854a39e","timestamp":"2025-05-06T07:23:12.922+03:00","type":"get_dashboard_loki"}
{"id":"677e72c836a1e721b17916fd","level":"info","message":"Action performed","sourceId":"6802bb3ac688a08b0854a39e","timestamp":"2025-05-06T07:23:17.843+03:00","type":"get_dashboard_loki"}
{"id":"677e72c836a1e721b17916fd","level":"info","message":"Action performed","sourceId":"6802bb3ac688a08b0854a39e","timestamp":"2025-05-06T07:23:19.482+03:00","type":"get_dashboard_loki"}
{"id":"677e72c836a1e721b17916fd","level":"info","message":"Action performed","sourceId":"6802bb3ac688a08b0854a39e","timestamp":"2025-05-06T07:23:35.058+03:00","type":"get_dashboard_loki"}
{"id":"677e72c836a1e721b17916fd","level":"info","message":"Action performed","sourceId":"6802bb3ac688a08b0854a39e","timestamp":"2025-05-06T07:23:36.505+03:00","type":"get_dashboard_loki"}
{"id":"67f0fe5a5beecfb436a69a82","level":"info","message":"Action performed","sourceId":"6802bb3ac688a08b0854a39e","timestamp":"2025-05-06T07:24:15.242+03:00","type":"get_dashboard_loki"}
{"id":"677e72c836a1e721b17916fd","level":"info","message":"Action performed","sourceId":"6802bb3ac688a08b0854a39e","timestamp":"2025-05-06T07:24:45.763+03:00","type":"get_dashboard_loki"}
{"id":"677e72c836a1e721b17916fd","level":"info","message":"Action performed","sourceId":"6802bb3ac688a08b0854a39e","timestamp":"2025-05-06T07:24:48.431+03:00","type":"get_dashboard_loki"}
{"id":"677e72c836a1e721b17916fd","level":"info","message":"Action performed","sourceId":"6802bb95c688a08b0854a457","timestamp":"2025-05-06T07:26:29.334+03:00","type":"get_dashboard_csv"}
{"id":"677e72c836a1e721b17916fd","level":"info","message":"Action performed","sourceId":"6802bb95c688a08b0854a457","timestamp":"2025-05-06T07:26:29.661+03:00","type":"get_dashboard_csv"}
{"id":"677e72c836a1e721b17916fd","level":"info","message":"Action performed","sourceId":"6802bb95c688a08b0854a457","timestamp":"2025-05-06T07:26:40.234+03:00","type":"get_dashboard_csv"}
{"id":"677e72c836a1e721b17916fd","level":"info","message":"Action performed","sourceId":"6802bb95c688a08b0854a457","timestamp":"2025-05-06T07:26:40.551+03:00","type":"get_dashboard_csv"}
{"id":"677e72c836a1e721b17916fd","level":"info","message":"Action performed","sourceId":"6802bb3ac688a08b0854a39e","timestamp":"2025-05-06T07:26:43.711+03:00","type":"get_dashboard_loki"}
{"id":"677e72c836a1e721b17916fd","level":"info","message":"Action performed","sourceId":"6802bb3ac688a08b0854a39e","timestamp":"2025-05-06T07:26:44.009+03:00","type":"get_dashboard_loki"}
{"id":"677e72c836a1e721b17916fd","level":"info","message":"Action performed","sourceId":"6802bbe8c688a08b0854a51e","timestamp":"2025-05-06T07:27:26.163+03:00","type":"get_dashboard_prometheus"}
{"id":"677e72c836a1e721b17916fd","level":"info","message":"Action performed","sourceId":"6802bbe8c688a08b0854a51e","timestamp":"2025-05-06T07:27:31.139+03:00","type":"get_dashboard_prometheus"}
{"id":"677e72c836a1e721b17916fd","level":"info","message":"Action performed","sourceId":"6802bbe8c688a08b0854a51e","timestamp":"2025-05-06T07:27:36.187+03:00","type":"get_dashboard_prometheus"}
{"id":"677e72c836a1e721b17916fd","level":"info","message":"Action performed","sourceId":"6802bbe8c688a08b0854a51e","timestamp":"2025-05-06T07:27:41.128+03:00","type":"get_dashboard_prometheus"}
{"id":"677e72c836a1e721b17916fd","level":"info","message":"Action performed","sourceId":"6802bbe8c688a08b0854a51e","timestamp":"2025-05-06T07:27:46.132+03:00","type":"get_dashboard_prometheus"}
{"id":"677e72c836a1e721b17916fd","level":"info","message":"Action performed","sourceId":"6802bbe8c688a08b0854a51e","timestamp":"2025-05-06T07:27:51.110+03:00","type":"get_dashboard_prometheus"}
{"id":"677e72c836a1e721b17916fd","level":"info","message":"Action performed","sourceId":"6802bbe8c688a08b0854a51e","timestamp":"2025-05-06T07:27:56.161+03:00","type":"get_dashboard_prometheus"}
{"id":"677e72c836a1e721b17916fd","level":"info","message":"Action performed","sourceId":"6802bbe8c688a08b0854a51e","timestamp":"2025-05-06T07:28:01.141+03:00","type":"get_dashboard_prometheus"}
{"id":"677e72c836a1e721b17916fd","level":"info","message":"Action performed","sourceId":"6802bbe8c688a08b0854a51e","timestamp":"2025-05-06T07:28:06.116+03:00","type":"get_dashboard_prometheus"}
{"id":"677e72c836a1e721b17916fd","level":"info","message":"Action performed","sourceId":"6802bbe8c688a08b0854a51e","timestamp":"2025-05-06T07:28:11.122+03:00","type":"get_dashboard_prometheus"}
{"id":"67f0fe5a5beecfb436a69a82","level":"info","message":"Action performed","sourceId":"67f2f54029430297d1a8bce9","timestamp":"2025-05-26T23:55:22.562+03:00","type":"get_dashboard_loki"}
{"id":"67f0fe5a5beecfb436a69a82","level":"info","message":"Action performed","sourceId":"67f2f54029430297d1a8bce9","timestamp":"2025-05-26T23:56:53.530+03:00","type":"get_dashboard_loki"}
{"id":"67f0fe5a5beecfb436a69a82","level":"info","message":"Action performed","sourceId":"67f2f54029430297d1a8bce9","timestamp":"2025-05-27T00:03:22.606+03:00","type":"get_dashboard_loki"}
{"id":"67f0fe5a5beecfb436a69a82","level":"info","message":"Action performed","sourceId":"6791521b397ec5b3ca6e1d24","timestamp":"2025-05-27T00:49:26.174+03:00","type":"get_dashboard_prometheus"}
{"id":"67f0fe5a5beecfb436a69a82","level":"info","message":"Action performed","sourceId":"6791521b397ec5b3ca6e1d24","timestamp":"2025-05-27T00:50:11.460+03:00","type":"get_dashboard_prometheus"}
{"id":"67f0fe5a5beecfb436a69a82","level":"info","message":"Action performed","sourceId":"6791521b397ec5b3ca6e1d24","timestamp":"2025-05-27T00:50:36.797+03:00","type":"get_dashboard_prometheus"}
{"id":"67f0fe5a5beecfb436a69a82","level":"info","message":"Action performed","sourceId":"6791521b397ec5b3ca6e1d24","timestamp":"2025-05-27T00:50:57.281+03:00","type":"get_dashboard_prometheus"}
{"id":"67f0fe5a5beecfb436a69a82","level":"info","message":"Action performed","sourceId":"6791521b397ec5b3ca6e1d24","timestamp":"2025-05-27T00:51:31.899+03:00","type":"get_dashboard_prometheus"}
{"id":"67f0fe5a5beecfb436a69a82","level":"info","message":"Action performed","sourceId":"6791521b397ec5b3ca6e1d24","timestamp":"2025-05-27T00:51:52.137+03:00","type":"get_dashboard_prometheus"}
{"id":"67f0fe5a5beecfb436a69a82","level":"info","message":"Action performed","sourceId":"6791521b397ec5b3ca6e1d24","timestamp":"2025-05-27T00:52:57.523+03:00","type":"get_dashboard_prometheus"}
{"id":"67f0fe5a5beecfb436a69a82","level":"info","message":"Action performed","sourceId":"6791521b397ec5b3ca6e1d24","timestamp":"2025-05-27T00:53:23.931+03:00","type":"get_dashboard_prometheus"}
{"id":"67f0fe5a5beecfb436a69a82","level":"info","message":"Action performed","sourceId":"6791521b397ec5b3ca6e1d24","timestamp":"2025-05-27T00:54:00.520+03:00","type":"get_dashboard_prometheus"}
{"id":"67f0fe5a5beecfb436a69a82","level":"info","message":"Action performed","sourceId":"6791521b397ec5b3ca6e1d24","timestamp":"2025-05-27T01:30:09.776+03:00","type":"get_dashboard_prometheus"}
{"id":"67f0fe5a5beecfb436a69a82","level":"info","message":"Action performed","sourceId":"6791521b397ec5b3ca6e1d24","timestamp":"2025-05-27T01:30:12.245+03:00","type":"get_dashboard_prometheus"}
{"id":"67f0fe5a5beecfb436a69a82","level":"info","message":"Action performed","sourceId":"6791521b397ec5b3ca6e1d24","timestamp":"2025-05-27T01:30:33.521+03:00","type":"get_dashboard_prometheus"}
{"id":"67f0fe5a5beecfb436a69a82","level":"info","message":"Action performed","sourceId":"6791521b397ec5b3ca6e1d24","timestamp":"2025-05-27T01:40:01.484+03:00","type":"get_dashboard_prometheus"}
{"id":"67f0fe5a5beecfb436a69a82","level":"info","message":"Action performed","sourceId":"6791521b397ec5b3ca6e1d24","timestamp":"2025-05-27T01:42:51.285+03:00","type":"get_dashboard_prometheus"}
{"id":"67f0fe5a5beecfb436a69a82","level":"info","message":"Action performed","sourceId":"6791521b397ec5b3ca6e1d24","timestamp":"2025-05-27T01:44:11.894+03:00","type":"get_dashboard_prometheus"}
{"id":"67f0fe5a5beecfb436a69a82","level":"info","message":"Action performed","sourceId":"6791521b397ec5b3ca6e1d24","timestamp":"2025-05-27T01:46:25.369+03:00","type":"get_dashboard_prometheus"}
{"id":"67f0fe5a5beecfb436a69a82","level":"info","message":"Action performed","sourceId":"6791521b397ec5b3ca6e1d24","timestamp":"2025-05-27T01:48:10.251+03:00","type":"get_dashboard_prometheus"}
{"id":"67f0fe5a5beecfb436a69a82","level":"info","message":"Action performed","sourceId":"6791521b397ec5b3ca6e1d24","timestamp":"2025-05-27T01:48:29.346+03:00","type":"get_dashboard_prometheus"}
{"id":"67f0fe5a5beecfb436a69a82","level":"info","message":"Action performed","sourceId":"6791521b397ec5b3ca6e1d24","timestamp":"2025-05-27T02:10:42.439+03:00","type":"get_dashboard_prometheus"}
{"id":"67f0fe5a5beecfb436a69a82","level":"info","message":"Action performed","sourceId":"6791521b397ec5b3ca6e1d24","timestamp":"2025-05-27T02:11:03.250+03:00","type":"get_dashboard_prometheus"}
{"id":"67f0fe5a5beecfb436a69a82","level":"info","message":"Action performed","sourceId":"6791521b397ec5b3ca6e1d24","timestamp":"2025-05-27T02:11:16.836+03:00","type":"get_dashboard_prometheus"}
{"id":"67f0fe5a5beecfb436a69a82","level":"info","message":"Action performed","sourceId":"6791521b397ec5b3ca6e1d24","timestamp":"2025-05-27T02:12:47.956+03:00","type":"get_dashboard_prometheus"}
{"id":"67f0fe5a5beecfb436a69a82","level":"info","message":"Action performed","sourceId":"6791521b397ec5b3ca6e1d24","timestamp":"2025-05-27T02:12:54.356+03:00","type":"get_dashboard_prometheus"}
{"id":"67f0fe5a5beecfb436a69a82","level":"info","message":"Action performed","sourceId":"6791521b397ec5b3ca6e1d24","timestamp":"2025-05-27T02:14:11.509+03:00","type":"get_dashboard_prometheus"}
{"id":"67f0fe5a5beecfb436a69a82","level":"info","message":"Action performed","sourceId":"6791521b397ec5b3ca6e1d24","timestamp":"2025-05-27T02:14:18.128+03:00","type":"get_dashboard_prometheus"}
{"id":"67f0fe5a5beecfb436a69a82","level":"info","message":"Action performed","sourceId":"6791521b397ec5b3ca6e1d24","timestamp":"2025-05-27T02:15:22.697+03:00","type":"get_dashboard_prometheus"}
{"id":"67f0fe5a5beecfb436a69a82","level":"info","message":"Action performed","sourceId":"6791521b397ec5b3ca6e1d24","timestamp":"2025-05-27T02:15:36.269+03:00","type":"get_dashboard_prometheus"}
{"id":"67f0fe5a5beecfb436a69a82","level":"info","message":"Action performed","sourceId":"6791521b397ec5b3ca6e1d24","timestamp":"2025-05-27T02:18:53.566+03:00","type":"get_dashboard_prometheus"}
{"id":"67f0fe5a5beecfb436a69a82","level":"info","message":"Action performed","sourceId":"6791521b397ec5b3ca6e1d24","timestamp":"2025-05-27T02:19:15.784+03:00","type":"get_dashboard_prometheus"}
{"id":"67f0fe5a5beecfb436a69a82","level":"info","message":"Action performed","sourceId":"6791521b397ec5b3ca6e1d24","timestamp":"2025-05-27T08:07:56.488+03:00","type":"get_dashboard_prometheus"}
{"id":"67f0fe5a5beecfb436a69a82","level":"info","message":"Action performed","sourceId":"6791521b397ec5b3ca6e1d24","timestamp":"2025-05-27T08:08:48.492+03:00","type":"get_dashboard_prometheus"}
{"id":"67f0fe5a5beecfb436a69a82","level":"info","message":"Action performed","sourceId":"6791521b397ec5b3ca6e1d24","timestamp":"2025-05-27T08:13:06.156+03:00","type":"get_dashboard_prometheus"}
{"id":"67f0fe5a5beecfb436a69a82","level":"info","message":"Action performed","sourceId":"6791521b397ec5b3ca6e1d24","timestamp":"2025-05-27T09:00:28.346+03:00","type":"get_dashboard_prometheus"}
{"id":"67f0fe5a5beecfb436a69a82","level":"info","message":"Action performed","sourceId":"6791521b397ec5b3ca6e1d24","timestamp":"2025-05-27T09:49:47.765+03:00","type":"get_dashboard_prometheus"}
{"id":"67f0fe5a5beecfb436a69a82","level":"info","message":"Action performed","sourceId":"67f2f54029430297d1a8bce9","timestamp":"2025-05-27T09:56:31.140+03:00","type":"get_dashboard_loki"}
{"id":"67f0fe5a5beecfb436a69a82","level":"info","message":"Action performed","sourceId":"67f2f54029430297d1a8bce9","timestamp":"2025-05-27T09:57:21.532+03:00","type":"get_dashboard_loki"}
{"id":"67f0fe5a5beecfb436a69a82","level":"info","message":"Action performed","sourceId":"67f2f54029430297d1a8bce9","timestamp":"2025-05-27T10:23:02.975+03:00","type":"get_dashboard_loki"}
{"id":"67f0fe5a5beecfb436a69a82","level":"info","message":"Action performed","sourceId":"67f2f54029430297d1a8bce9","timestamp":"2025-05-27T11:13:56.080+03:00","type":"get_dashboard_loki"}
{"id":"677e72c836a1e721b17916fd","level":"info","message":"Action performed","sourceId":"6802bb3ac688a08b0854a39e","timestamp":"2025-05-28T22:15:56.013+03:00","type":"get_dashboard_loki"}
{"id":"677e72c836a1e721b17916fd","level":"info","message":"Action performed","sourceId":"6802bb3ac688a08b0854a39e","timestamp":"2025-05-28T22:15:56.454+03:00","type":"get_dashboard_loki"}
{"id":"677e72c836a1e721b17916fd","level":"info","message":"Action performed","sourceId":"6802bb3ac688a08b0854a39e","timestamp":"2025-05-28T22:16:09.195+03:00","type":"get_dashboard_loki"}
{"id":"677e72c836a1e721b17916fd","level":"info","message":"Action performed","sourceId":"6802bb3ac688a08b0854a39e","timestamp":"2025-05-28T22:16:09.632+03:00","type":"get_dashboard_loki"}
{"id":"677e72c836a1e721b17916fd","level":"info","message":"Action performed","sourceId":"6802bb3ac688a08b0854a39e","timestamp":"2025-05-28T22:17:33.734+03:00","type":"get_dashboard_loki"}
{"id":"677e72c836a1e721b17916fd","level":"info","message":"Action performed","sourceId":"6802bb3ac688a08b0854a39e","timestamp":"2025-05-28T22:17:35.996+03:00","type":"get_dashboard_loki"}
{"id":"677e72c836a1e721b17916fd","level":"info","message":"Action performed","sourceId":"6802bb3ac688a08b0854a39e","timestamp":"2025-05-28T22:17:36.390+03:00","type":"get_dashboard_loki"}
{"id":"677e72c836a1e721b17916fd","level":"info","message":"Action performed","sourceId":"6802bb3ac688a08b0854a39e","timestamp":"2025-05-28T22:25:40.847+03:00","type":"get_dashboard_loki"}
{"id":"677e72c836a1e721b17916fd","level":"info","message":"Action performed","sourceId":"6802bb3ac688a08b0854a39e","timestamp":"2025-05-28T22:25:41.086+03:00","type":"get_dashboard_loki"}
{"id":"677e72c836a1e721b17916fd","level":"info","message":"Action performed","sourceId":"6802bb3ac688a08b0854a39e","timestamp":"2025-05-28T22:26:10.210+03:00","type":"get_dashboard_loki"}
{"id":"677e72c836a1e721b17916fd","level":"info","message":"Action performed","sourceId":"6802bb3ac688a08b0854a39e","timestamp":"2025-05-28T22:26:10.226+03:00","type":"get_dashboard_loki"}
{"id":"677e72c836a1e721b17916fd","level":"info","message":"Action performed","sourceId":"6802bb3ac688a08b0854a39e","timestamp":"2025-05-28T22:26:12.422+03:00","type":"get_dashboard_loki"}
{"id":"677e72c836a1e721b17916fd","level":"info","message":"Action performed","sourceId":"6802bb3ac688a08b0854a39e","timestamp":"2025-05-28T22:26:13.755+03:00","type":"get_dashboard_loki"}
{"id":"677e72c836a1e721b17916fd","level":"info","message":"Action performed","sourceId":"6802bb3ac688a08b0854a39e","timestamp":"2025-05-28T22:26:29.401+03:00","type":"get_dashboard_loki"}
{"id":"677e72c836a1e721b17916fd","level":"info","message":"Action performed","sourceId":"6802bb3ac688a08b0854a39e","timestamp":"2025-05-28T22:26:47.410+03:00","type":"get_dashboard_loki"}
{"id":"677e72c836a1e721b17916fd","level":"info","message":"Action performed","sourceId":"6802bb3ac688a08b0854a39e","timestamp":"2025-05-28T22:26:54.434+03:00","type":"get_dashboard_loki"}
{"id":"677e72c836a1e721b17916fd","level":"info","message":"Action performed","sourceId":"6802bb3ac688a08b0854a39e","timestamp":"2025-05-28T22:26:54.656+03:00","type":"get_dashboard_loki"}
{"id":"677e72c836a1e721b17916fd","level":"info","message":"Action performed","sourceId":"6802bb3ac688a08b0854a39e","timestamp":"2025-05-28T22:27:19.411+03:00","type":"get_dashboard_loki"}
{"id":"677e72c836a1e721b17916fd","level":"info","message":"Action performed","sourceId":"6802bb3ac688a08b0854a39e","timestamp":"2025-05-28T22:27:23.416+03:00","type":"get_dashboard_loki"}
{"id":"677e72c836a1e721b17916fd","level":"info","message":"Action performed","sourceId":"6802bb95c688a08b0854a457","timestamp":"2025-05-28T22:29:29.970+03:00","type":"get_dashboard_csv"}
{"id":"677e72c836a1e721b17916fd","level":"info","message":"Action performed","sourceId":"6802bb95c688a08b0854a457","timestamp":"2025-05-28T22:29:30.205+03:00","type":"get_dashboard_csv"}
{"id":"677e72c836a1e721b17916fd","level":"info","message":"Action performed","sourceId":"6802bb95c688a08b0854a457","timestamp":"2025-05-29T01:06:51.515+03:00","type":"get_dashboard_csv"}
{"id":"677e72c836a1e721b17916fd","level":"info","message":"Action performed","sourceId":"6802bb95c688a08b0854a457","timestamp":"2025-05-29T01:06:51.759+03:00","type":"get_dashboard_csv"}
{"id":"67f0fe5a5beecfb436a69a82","level":"info","message":"Action performed","sourceId":"67f42cb6e283e006a0e7785a","timestamp":"2025-06-17T12:37:58.489+03:00","type":"get_dashboard_loki"}
{"id":"67f0fe5a5beecfb436a69a82","level":"info","message":"Action performed","sourceId":"6791521b397ec5b3ca6e1d24","timestamp":"2025-06-17T14:00:08.842+03:00","type":"get_dashboard_prometheus"}
{"id":"677e72c836a1e721b17916fd","level":"info","message":"Action performed","sourceId":"6802bb3ac688a08b0854a39e","timestamp":"2025-06-17T16:08:37.805+03:00","type":"get_dashboard_loki"}
{"id":"677e72c836a1e721b17916fd","level":"info","message":"Action performed","sourceId":"6802bb3ac688a08b0854a39e","timestamp":"2025-06-17T16:08:39.255+03:00","type":"get_dashboard_loki"}
{"id":"677e72c836a1e721b17916fd","level":"info","message":"Action performed","sourceId":"6802ba5dc688a08b0854a2a4","timestamp":"2025-06-17T16:38:36.196+03:00","type":"get_dashboard_csv"}
{"id":"677e72c836a1e721b17916fd","level":"info","message":"Action performed","sourceId":"6802ba5dc688a08b0854a2a4","timestamp":"2025-06-17T16:38:36.439+03:00","type":"get_dashboard_csv"}
{"id":"677e72c836a1e721b17916fd","level":"info","message":"Action performed","sourceId":"6802ba5dc688a08b0854a2a4","timestamp":"2025-06-17T16:40:53.523+03:00","type":"get_dashboard_csv"}
{"id":"677e72c836a1e721b17916fd","level":"info","message":"Action performed","sourceId":"6802ba5dc688a08b0854a2a4","timestamp":"2025-06-17T16:40:53.739+03:00","type":"get_dashboard_csv"}
{"id":"677e72c836a1e721b17916fd","level":"info","message":"Action performed","sourceId":"6802ba5dc688a08b0854a2a4","timestamp":"2025-06-17T16:42:19.565+03:00","type":"get_dashboard_csv"}
{"id":"677e72c836a1e721b17916fd","level":"info","message":"Action performed","sourceId":"6802ba5dc688a08b0854a2a4","timestamp":"2025-06-17T16:42:19.783+03:00","type":"get_dashboard_csv"}
{"id":"677e72c836a1e721b17916fd","level":"info","message":"Action performed","sourceId":"6802ba5dc688a08b0854a2a4","timestamp":"2025-06-17T16:44:09.200+03:00","type":"get_dashboard_csv"}
{"id":"677e72c836a1e721b17916fd","level":"info","message":"Action performed","sourceId":"6802ba5dc688a08b0854a2a4","timestamp":"2025-06-17T16:44:09.423+03:00","type":"get_dashboard_csv"}
{"id":"677e72c836a1e721b17916fd","level":"info","message":"Action performed","sourceId":"6802ba5dc688a08b0854a2a4","timestamp":"2025-06-17T16:45:10.316+03:00","type":"get_dashboard_csv"}
{"id":"677e72c836a1e721b17916fd","level":"info","message":"Action performed","sourceId":"6802ba5dc688a08b0854a2a4","timestamp":"2025-06-17T16:45:10.539+03:00","type":"get_dashboard_csv"}
{"id":"677e72c836a1e721b17916fd","level":"info","message":"Action performed","sourceId":"6802b493c688a08b0854a043","timestamp":"2025-06-17T16:45:55.347+03:00","type":"get_dashboard_csv"}
{"id":"677e72c836a1e721b17916fd","level":"info","message":"Action performed","sourceId":"6802b493c688a08b0854a043","timestamp":"2025-06-17T16:45:55.564+03:00","type":"get_dashboard_csv"}
{"id":"677e72c836a1e721b17916fd","level":"info","message":"Action performed","sourceId":"6802b493c688a08b0854a043","timestamp":"2025-06-17T16:47:42.560+03:00","type":"get_dashboard_csv"}
{"id":"677e72c836a1e721b17916fd","level":"info","message":"Action performed","sourceId":"6802b493c688a08b0854a043","timestamp":"2025-06-17T16:47:42.790+03:00","type":"get_dashboard_csv"}
{"id":"677e72c836a1e721b17916fd","level":"info","message":"Action performed","sourceId":"6802b493c688a08b0854a043","timestamp":"2025-06-17T16:48:33.274+03:00","type":"get_dashboard_csv"}
{"id":"677e72c836a1e721b17916fd","level":"info","message":"Action performed","sourceId":"6802b493c688a08b0854a043","timestamp":"2025-06-17T16:48:33.495+03:00","type":"get_dashboard_csv"}
{"id":"677e72c836a1e721b17916fd","level":"info","message":"Action performed","sourceId":"6802b493c688a08b0854a043","timestamp":"2025-06-17T16:51:39.751+03:00","type":"get_dashboard_csv"}
{"id":"677e72c836a1e721b17916fd","level":"info","message":"Action performed","sourceId":"6802b493c688a08b0854a043","timestamp":"2025-06-17T16:51:39.968+03:00","type":"get_dashboard_csv"}
{"id":"677e72c836a1e721b17916fd","level":"info","message":"Action performed","sourceId":"6802b493c688a08b0854a043","timestamp":"2025-06-17T16:52:40.863+03:00","type":"get_dashboard_csv"}
{"id":"677e72c836a1e721b17916fd","level":"info","message":"Action performed","sourceId":"6802b493c688a08b0854a043","timestamp":"2025-06-17T16:52:41.079+03:00","type":"get_dashboard_csv"}
{"id":"677e72c836a1e721b17916fd","level":"info","message":"Action performed","sourceId":"6802b493c688a08b0854a043","timestamp":"2025-06-17T16:56:19.542+03:00","type":"get_dashboard_csv"}
{"id":"677e72c836a1e721b17916fd","level":"info","message":"Action performed","sourceId":"6802b493c688a08b0854a043","timestamp":"2025-06-17T16:56:19.756+03:00","type":"get_dashboard_csv"}
{"id":"677e72c836a1e721b17916fd","level":"info","message":"Action performed","sourceId":"685174281c4ca309f9b3a39d","timestamp":"2025-06-17T16:56:56.998+03:00","type":"upload_csv"}
{"id":"677e72c836a1e721b17916fd","level":"info","message":"Action performed","sourceId":"6851743b1c4ca309f9b3a42a","timestamp":"2025-06-17T16:57:18.504+03:00","type":"get_dashboard_csv"}
{"id":"677e72c836a1e721b17916fd","level":"info","message":"Action performed","sourceId":"6851743b1c4ca309f9b3a42a","timestamp":"2025-06-17T16:57:18.731+03:00","type":"get_dashboard_csv"}
{"id":"67f0fe5a5beecfb436a69a82","level":"info","message":"Action performed","sourceId":"67f42cb6e283e006a0e7785a","timestamp":"2025-06-17T17:01:31.123+03:00","type":"get_dashboard_loki"}
{"id":"677e72c836a1e721b17916fd","level":"info","message":"Action performed","sourceId":"6851743b1c4ca309f9b3a42a","timestamp":"2025-06-17T17:05:21.360+03:00","type":"get_dashboard_csv"}
{"id":"677e72c836a1e721b17916fd","level":"info","message":"Action performed","sourceId":"6851743b1c4ca309f9b3a42a","timestamp":"2025-06-17T17:05:21.605+03:00","type":"get_dashboard_csv"}
{"id":"67f0fe5a5beecfb436a69a82","level":"info","message":"Action performed","sourceId":"6802bbe8c688a08b0854a51e","timestamp":"2025-06-17T17:06:51.701+03:00","type":"get_dashboard_prometheus"}
{"id":"67f0fe5a5beecfb436a69a82","level":"info","message":"Action performed","sourceId":"6802bbe8c688a08b0854a51e","timestamp":"2025-06-17T17:08:39.647+03:00","type":"get_dashboard_prometheus"}
{"id":"67f0fe5a5beecfb436a69a82","level":"info","message":"Action performed","sourceId":"6802bbe8c688a08b0854a51e","timestamp":"2025-06-17T17:10:36.042+03:00","type":"get_dashboard_prometheus"}
{"id":"677e72c836a1e721b17916fd","level":"info","message":"Action performed","sourceId":"6851bf939bc1612695f4672d","timestamp":"2025-06-17T22:18:43.565+03:00","type":"upload_csv"}
{"id":"677e72c836a1e721b17916fd","level":"info","message":"Action performed","sourceId":"6851c00e9bc1612695f469b8","timestamp":"2025-06-17T22:21:03.098+03:00","type":"get_dashboard_csv"}
{"id":"677e72c836a1e721b17916fd","level":"info","message":"Action performed","sourceId":"6851c00e9bc1612695f469b8","timestamp":"2025-06-17T22:21:03.176+03:00","type":"get_dashboard_csv"}
{"id":"677e72c836a1e721b17916fd","level":"info","message":"Action performed","sourceId":"6851c00e9bc1612695f469b8","timestamp":"2025-06-17T22:21:12.153+03:00","type":"get_dashboard_csv"}
{"id":"677e72c836a1e721b17916fd","level":"info","message":"Action performed","sourceId":"6851c00e9bc1612695f469b8","timestamp":"2025-06-17T22:21:12.156+03:00","type":"get_dashboard_csv"}
{"id":"677e72c836a1e721b17916fd","level":"info","message":"Action performed","sourceId":"6802bb3ac688a08b0854a39e","timestamp":"2025-06-17T22:21:55.186+03:00","type":"get_dashboard_loki"}
{"id":"677e72c836a1e721b17916fd","level":"info","message":"Action performed","sourceId":"6802bb3ac688a08b0854a39e","timestamp":"2025-06-17T22:21:55.232+03:00","type":"get_dashboard_loki"}
{"id":"677e72c836a1e721b17916fd","level":"info","message":"Action performed","sourceId":"6851c0b79bc1612695f46c00","timestamp":"2025-06-17T22:23:36.176+03:00","type":"add_datasource"}
{"id":"677e72c836a1e721b17916fd","level":"info","message":"Action performed","sourceId":"6851c0d89bc1612695f46ca1","timestamp":"2025-06-17T22:38:01.580+03:00","type":"get_dashboard_prometheus"}
{"id":"677e72c836a1e721b17916fd","level":"info","message":"Action performed","sourceId":"6851c0d89bc1612695f46ca1","timestamp":"2025-06-17T22:41:17.201+03:00","type":"get_dashboard_prometheus"}
{"id":"677e72c836a1e721b17916fd","level":"info","message":"Action performed","sourceId":"6851c0d89bc1612695f46ca1","timestamp":"2025-06-17T22:42:17.367+03:00","type":"get_dashboard_prometheus"}
{"id":"677e72c836a1e721b17916fd","level":"info","message":"Action performed","sourceId":"6851c0d89bc1612695f46ca1","timestamp":"2025-06-17T22:45:40.193+03:00","type":"get_dashboard_prometheus"}
{"id":"677e72c836a1e721b17916fd","level":"info","message":"Action performed","sourceId":"6851c0d89bc1612695f46ca1","timestamp":"2025-06-17T22:46:19.641+03:00","type":"get_dashboard_prometheus"}
{"id":"677e72c836a1e721b17916fd","level":"info","message":"Action performed","sourceId":"6851c0d89bc1612695f46ca1","timestamp":"2025-06-17T22:50:04.009+03:00","type":"get_dashboard_prometheus"}
{"id":"677e72c836a1e721b17916fd","level":"info","message":"Action performed","sourceId":"6851c0d89bc1612695f46ca1","timestamp":"2025-06-17T22:50:35.737+03:00","type":"get_dashboard_prometheus"}
{"id":"677e72c836a1e721b17916fd","level":"info","message":"Action performed","sourceId":"685304f17079f2a4f5526a0d","timestamp":"2025-06-18T21:26:57.876+03:00","type":"add_datasource"}
{"id":"677e72c836a1e721b17916fd","level":"info","message":"Action performed","sourceId":"685305077079f2a4f5526a62","timestamp":"2025-06-18T21:27:20.054+03:00","type":"add_datasource"}
{"id":"677e72c836a1e721b17916fd","level":"info","message":"Action performed","sourceId":"6851c0d89bc1612695f46ca1","timestamp":"2025-06-18T23:31:32.181+03:00","type":"get_dashboard_prometheus"}
{"id":"677e72c836a1e721b17916fd","level":"info","message":"Action performed","sourceId":"6851c0d89bc1612695f46ca1","timestamp":"2025-06-18T23:31:33.920+03:00","type":"get_dashboard_prometheus"}
{"id":"677e72c836a1e721b17916fd","level":"info","message":"Action performed","sourceId":"6851c0d89bc1612695f46ca1","timestamp":"2025-06-18T23:32:14.618+03:00","type":"get_dashboard_prometheus"}
{"id":"677e72c836a1e721b17916fd","level":"info","message":"Action performed","sourceId":"6851743b1c4ca309f9b3a42a","timestamp":"2025-06-20T22:02:24.229+03:00","type":"get_dashboard_csv"}
{"id":"677e72c836a1e721b17916fd","level":"info","message":"Action performed","sourceId":"6851743b1c4ca309f9b3a42a","timestamp":"2025-06-20T22:02:24.331+03:00","type":"get_dashboard_csv"}
{"id":"67f0fe5a5beecfb436a69a82","level":"info","message":"Action performed","sourceId":"6851c0d89bc1612695f46ca1","timestamp":"2025-06-20T22:08:01.168+03:00","type":"get_dashboard_prometheus"}
{"id":"67f0fe5a5beecfb436a69a82","level":"info","message":"Action performed","sourceId":"6851c0d89bc1612695f46ca1","timestamp":"2025-06-20T22:09:31.317+03:00","type":"get_dashboard_prometheus"}
{"id":"67f0fe5a5beecfb436a69a82","level":"info","message":"Action performed","sourceId":"6851c0d89bc1612695f46ca1","timestamp":"2025-06-20T22:09:45.103+03:00","type":"get_dashboard_prometheus"}
{"id":"67f0fe5a5beecfb436a69a82","level":"info","message":"Action performed","sourceId":"6851c0d89bc1612695f46ca1","timestamp":"2025-06-20T22:09:52.906+03:00","type":"get_dashboard_prometheus"}
{"id":"67f0fe5a5beecfb436a69a82","level":"info","message":"Action performed","sourceId":"6851c0d89bc1612695f46ca1","timestamp":"2025-06-20T22:10:00.629+03:00","type":"get_dashboard_prometheus"}
{"id":"67f0fe5a5beecfb436a69a82","level":"info","message":"Action performed","sourceId":"6851c0d89bc1612695f46ca1","timestamp":"2025-06-20T22:10:45.961+03:00","type":"get_dashboard_prometheus"}
{"id":"67f0fe5a5beecfb436a69a82","level":"info","message":"Action performed","sourceId":"6851c0d89bc1612695f46ca1","timestamp":"2025-06-20T22:11:26.199+03:00","type":"get_dashboard_prometheus"}
{"id":"677e72c836a1e721b17916fd","level":"info","message":"Action performed","sourceId":"6851c0d89bc1612695f46ca1","timestamp":"2025-06-20T22:39:42.324+03:00","type":"get_dashboard_prometheus"}
{"id":"677e72c836a1e721b17916fd","level":"info","message":"Action performed","sourceId":"6851c0d89bc1612695f46ca1","timestamp":"2025-06-20T22:39:49.843+03:00","type":"get_dashboard_prometheus"}
{"id":"677e72c836a1e721b17916fd","level":"info","message":"Action performed","sourceId":"6851c0d89bc1612695f46ca1","timestamp":"2025-06-20T22:39:50.259+03:00","type":"get_dashboard_prometheus"}
{"id":"677e72c836a1e721b17916fd","level":"info","message":"Action performed","sourceId":"6851c0d89bc1612695f46ca1","timestamp":"2025-06-20T22:39:50.438+03:00","type":"get_dashboard_prometheus"}
{"id":"67f0fe5a5beecfb436a69a82","level":"info","message":"Action performed","sourceId":"6851c0d89bc1612695f46ca1","timestamp":"2025-06-20T22:39:51.997+03:00","type":"get_dashboard_prometheus"}
{"id":"67f0fe5a5beecfb436a69a82","level":"info","message":"Action performed","sourceId":"6851c0d89bc1612695f46ca1","timestamp":"2025-06-20T22:42:14.345+03:00","type":"get_dashboard_prometheus"}
{"id":"67f0fe5a5beecfb436a69a82","level":"info","message":"Action performed","sourceId":"6851c0d89bc1612695f46ca1","timestamp":"2025-06-20T22:49:51.579+03:00","type":"get_dashboard_prometheus"}
{"id":"677e72c836a1e721b17916fd","level":"info","message":"Action performed","sourceId":"6851c0d89bc1612695f46ca1","timestamp":"2025-06-20T22:50:47.476+03:00","type":"get_dashboard_prometheus"}
{"id":"677e72c836a1e721b17916fd","level":"info","message":"Action performed","sourceId":"6851c0d89bc1612695f46ca1","timestamp":"2025-06-20T22:50:47.795+03:00","type":"get_dashboard_prometheus"}
{"id":"677e72c836a1e721b17916fd","level":"info","message":"Action performed","sourceId":"6851c0d89bc1612695f46ca1","timestamp":"2025-06-20T22:53:32.561+03:00","type":"get_dashboard_prometheus"}
{"id":"67f0fe5a5beecfb436a69a82","level":"info","message":"Action performed","sourceId":"6851c0d89bc1612695f46ca1","timestamp":"2025-06-20T22:59:31.882+03:00","type":"get_dashboard_prometheus"}
{"id":"677e72c836a1e721b17916fd","level":"info","message":"Action performed","sourceId":"6851c0d89bc1612695f46ca1","timestamp":"2025-06-20T23:03:40.017+03:00","type":"get_dashboard_prometheus"}
{"id":"67f0fe5a5beecfb436a69a82","level":"info","message":"Action performed","sourceId":"6802bb3ac688a08b0854a39e","timestamp":"2025-06-20T23:13:36.736+03:00","type":"get_dashboard_loki"}
{"id":"67f0fe5a5beecfb436a69a82","level":"info","message":"Action performed","sourceId":"6802bb3ac688a08b0854a39e","timestamp":"2025-06-20T23:16:33.596+03:00","type":"get_dashboard_loki"}
{"id":"67f0fe5a5beecfb436a69a82","level":"info","message":"Action performed","sourceId":"6802bb3ac688a08b0854a39e","timestamp":"2025-06-20T23:17:38.883+03:00","type":"get_dashboard_loki"}
{"id":"67f0fe5a5beecfb436a69a82","level":"info","message":"Action performed","sourceId":"6802bb3ac688a08b0854a39e","timestamp":"2025-06-20T23:18:17.372+03:00","type":"get_dashboard_loki"}
{"id":"67f0fe5a5beecfb436a69a82","level":"info","message":"Action performed","sourceId":"6802bb3ac688a08b0854a39e","timestamp":"2025-06-20T23:19:05.472+03:00","type":"get_dashboard_loki"}
{"id":"67f0fe5a5beecfb436a69a82","level":"info","message":"Action performed","sourceId":"6802bb3ac688a08b0854a39e","timestamp":"2025-06-20T23:19:09.333+03:00","type":"get_dashboard_loki"}
{"id":"67f0fe5a5beecfb436a69a82","level":"info","message":"Action performed","sourceId":"6802bb3ac688a08b0854a39e","timestamp":"2025-06-20T23:20:03.534+03:00","type":"get_dashboard_loki"}
{"id":"67f0fe5a5beecfb436a69a82","level":"info","message":"Action performed","sourceId":"6802bb3ac688a08b0854a39e","timestamp":"2025-06-20T23:20:08.563+03:00","type":"get_dashboard_loki"}
{"id":"67f0fe5a5beecfb436a69a82","level":"info","message":"Action performed","sourceId":"6802bb3ac688a08b0854a39e","timestamp":"2025-06-20T23:20:41.723+03:00","type":"get_dashboard_loki"}
{"id":"67f0fe5a5beecfb436a69a82","level":"info","message":"Action performed","sourceId":"6802bb3ac688a08b0854a39e","timestamp":"2025-06-20T23:21:26.535+03:00","type":"get_dashboard_loki"}
{"id":"67f0fe5a5beecfb436a69a82","level":"info","message":"Action performed","sourceId":"6802bb3ac688a08b0854a39e","timestamp":"2025-06-20T23:22:29.215+03:00","type":"get_dashboard_loki"}
{"id":"67f0fe5a5beecfb436a69a82","level":"info","message":"Action performed","sourceId":"6802bb3ac688a08b0854a39e","timestamp":"2025-06-20T23:22:35.784+03:00","type":"get_dashboard_loki"}
{"id":"67f0fe5a5beecfb436a69a82","level":"info","message":"Action performed","sourceId":"6802bb3ac688a08b0854a39e","timestamp":"2025-06-20T23:22:38.937+03:00","type":"get_dashboard_loki"}
{"id":"67f0fe5a5beecfb436a69a82","level":"info","message":"Action performed","sourceId":"6802bb3ac688a08b0854a39e","timestamp":"2025-06-20T23:22:45.862+03:00","type":"get_dashboard_loki"}
{"id":"67f0fe5a5beecfb436a69a82","level":"info","message":"Action performed","sourceId":"6802bb3ac688a08b0854a39e","timestamp":"2025-06-20T23:22:49.936+03:00","type":"get_dashboard_loki"}
{"id":"67f0fe5a5beecfb436a69a82","level":"info","message":"Action performed","sourceId":"6802bb3ac688a08b0854a39e","timestamp":"2025-06-20T23:26:41.748+03:00","type":"get_dashboard_loki"}
{"id":"677e72c836a1e721b17916fd","level":"info","message":"Action performed","sourceId":"6802bb3ac688a08b0854a39e","timestamp":"2025-06-20T23:35:36.263+03:00","type":"get_dashboard_loki"}
{"id":"677e72c836a1e721b17916fd","level":"info","message":"Action performed","sourceId":"6802bb3ac688a08b0854a39e","timestamp":"2025-06-20T23:35:36.268+03:00","type":"get_dashboard_loki"}
{"id":"677e72c836a1e721b17916fd","level":"info","message":"Action performed","sourceId":"6802bb3ac688a08b0854a39e","timestamp":"2025-06-20T23:35:36.270+03:00","type":"get_dashboard_loki"}
{"id":"677e72c836a1e721b17916fd","level":"info","message":"Action performed","sourceId":"6802bb3ac688a08b0854a39e","timestamp":"2025-06-20T23:35:36.303+03:00","type":"get_dashboard_loki"}
{"id":"677e72c836a1e721b17916fd","level":"info","message":"Action performed","sourceId":"6802bb3ac688a08b0854a39e","timestamp":"2025-06-20T23:35:44.810+03:00","type":"get_dashboard_loki"}
{"id":"677e72c836a1e721b17916fd","level":"info","message":"Action performed","sourceId":"6802bb3ac688a08b0854a39e","timestamp":"2025-06-20T23:35:56.311+03:00","type":"get_dashboard_loki"}
{"id":"677e72c836a1e721b17916fd","level":"info","message":"Action performed","sourceId":"6802bb3ac688a08b0854a39e","timestamp":"2025-06-20T23:35:57.380+03:00","type":"get_dashboard_loki"}
{"id":"677e72c836a1e721b17916fd","level":"info","message":"Action performed","sourceId":"6802bb3ac688a08b0854a39e","timestamp":"2025-06-20T23:35:58.291+03:00","type":"get_dashboard_loki"}
{"id":"677e72c836a1e721b17916fd","level":"info","message":"Action performed","sourceId":"6802bb3ac688a08b0854a39e","timestamp":"2025-06-20T23:35:59.207+03:00","type":"get_dashboard_loki"}
{"id":"677e72c836a1e721b17916fd","level":"info","message":"Action performed","sourceId":"6802bb3ac688a08b0854a39e","timestamp":"2025-06-20T23:38:40.021+03:00","type":"get_dashboard_loki"}
{"id":"677e72c836a1e721b17916fd","level":"info","message":"Action performed","sourceId":"6802bb3ac688a08b0854a39e","timestamp":"2025-06-20T23:38:40.044+03:00","type":"get_dashboard_loki"}
{"id":"677e72c836a1e721b17916fd","level":"info","message":"Action performed","sourceId":"6802bb3ac688a08b0854a39e","timestamp":"2025-06-20T23:38:40.072+03:00","type":"get_dashboard_loki"}
{"id":"677e72c836a1e721b17916fd","level":"info","message":"Action performed","sourceId":"6802bb3ac688a08b0854a39e","timestamp":"2025-06-20T23:38:40.089+03:00","type":"get_dashboard_loki"}
{"id":"677e72c836a1e721b17916fd","level":"info","message":"Action performed","sourceId":"6802bb3ac688a08b0854a39e","timestamp":"2025-06-20T23:39:05.420+03:00","type":"get_dashboard_loki"}
{"id":"677e72c836a1e721b17916fd","level":"info","message":"Action performed","sourceId":"6802bb3ac688a08b0854a39e","timestamp":"2025-06-20T23:39:05.424+03:00","type":"get_dashboard_loki"}
{"id":"677e72c836a1e721b17916fd","level":"info","message":"Action performed","sourceId":"6802bb3ac688a08b0854a39e","timestamp":"2025-06-20T23:39:06.255+03:00","type":"get_dashboard_loki"}
{"id":"677e72c836a1e721b17916fd","level":"info","message":"Action performed","sourceId":"6802bb3ac688a08b0854a39e","timestamp":"2025-06-20T23:39:06.273+03:00","type":"get_dashboard_loki"}
{"id":"677e72c836a1e721b17916fd","level":"info","message":"Action performed","sourceId":"6802bb3ac688a08b0854a39e","timestamp":"2025-06-20T23:39:20.480+03:00","type":"get_dashboard_loki"}
{"id":"677e72c836a1e721b17916fd","level":"info","message":"Action performed","sourceId":"6802bb3ac688a08b0854a39e","timestamp":"2025-06-20T23:39:20.483+03:00","type":"get_dashboard_loki"}
{"id":"677e72c836a1e721b17916fd","level":"info","message":"Action performed","sourceId":"6802bb3ac688a08b0854a39e","timestamp":"2025-06-20T23:39:20.553+03:00","type":"get_dashboard_loki"}
{"id":"677e72c836a1e721b17916fd","level":"info","message":"Action performed","sourceId":"6802bb3ac688a08b0854a39e","timestamp":"2025-06-20T23:39:20.563+03:00","type":"get_dashboard_loki"}
{"id":"677e72c836a1e721b17916fd","level":"info","message":"Action performed","sourceId":"6802bb3ac688a08b0854a39e","timestamp":"2025-06-20T23:40:21.315+03:00","type":"get_dashboard_loki"}
{"id":"677e72c836a1e721b17916fd","level":"info","message":"Action performed","sourceId":"6802bb3ac688a08b0854a39e","timestamp":"2025-06-20T23:40:21.320+03:00","type":"get_dashboard_loki"}
{"id":"677e72c836a1e721b17916fd","level":"info","message":"Action performed","sourceId":"6802bb3ac688a08b0854a39e","timestamp":"2025-06-20T23:40:22.153+03:00","type":"get_dashboard_loki"}
{"id":"677e72c836a1e721b17916fd","level":"info","message":"Action performed","sourceId":"6802bb3ac688a08b0854a39e","timestamp":"2025-06-20T23:40:22.156+03:00","type":"get_dashboard_loki"}
{"id":"677e72c836a1e721b17916fd","level":"info","message":"Action performed","sourceId":"6802bb3ac688a08b0854a39e","timestamp":"2025-06-20T23:40:34.819+03:00","type":"get_dashboard_loki"}
{"id":"677e72c836a1e721b17916fd","level":"info","message":"Action performed","sourceId":"6802bb3ac688a08b0854a39e","timestamp":"2025-06-20T23:40:34.846+03:00","type":"get_dashboard_loki"}
{"id":"677e72c836a1e721b17916fd","level":"info","message":"Action performed","sourceId":"6802bb3ac688a08b0854a39e","timestamp":"2025-06-20T23:40:35.752+03:00","type":"get_dashboard_loki"}
{"id":"677e72c836a1e721b17916fd","level":"info","message":"Action performed","sourceId":"6802bb3ac688a08b0854a39e","timestamp":"2025-06-20T23:40:35.761+03:00","type":"get_dashboard_loki"}
{"id":"677e72c836a1e721b17916fd","level":"info","message":"Action performed","sourceId":"6802bb3ac688a08b0854a39e","timestamp":"2025-06-20T23:40:46.931+03:00","type":"get_dashboard_loki"}
{"id":"677e72c836a1e721b17916fd","level":"info","message":"Action performed","sourceId":"6802bb3ac688a08b0854a39e","timestamp":"2025-06-20T23:40:46.983+03:00","type":"get_dashboard_loki"}
{"id":"677e72c836a1e721b17916fd","level":"info","message":"Action performed","sourceId":"6802bb3ac688a08b0854a39e","timestamp":"2025-06-20T23:40:47.975+03:00","type":"get_dashboard_loki"}
{"id":"677e72c836a1e721b17916fd","level":"info","message":"Action performed","sourceId":"6802bb3ac688a08b0854a39e","timestamp":"2025-06-20T23:40:47.990+03:00","type":"get_dashboard_loki"}
{"id":"677e72c836a1e721b17916fd","level":"info","message":"Action performed","sourceId":"6851c0d89bc1612695f46ca1","timestamp":"2025-06-23T10:59:23.530+03:00","type":"get_dashboard_prometheus"}
{"id":"677e72c836a1e721b17916fd","level":"info","message":"Action performed","sourceId":"6851c0d89bc1612695f46ca1","timestamp":"2025-06-23T11:01:14.401+03:00","type":"get_dashboard_prometheus"}
{"id":"677e72c836a1e721b17916fd","level":"info","message":"Action performed","sourceId":"6851c0d89bc1612695f46ca1","timestamp":"2025-06-23T11:01:15.845+03:00","type":"get_dashboard_prometheus"}
{"id":"677e72c836a1e721b17916fd","level":"info","message":"Action performed","sourceId":"6851c0d89bc1612695f46ca1","timestamp":"2025-06-23T11:03:31.214+03:00","type":"get_dashboard_prometheus"}
{"id":"677e72c836a1e721b17916fd","level":"info","message":"Action performed","sourceId":"6851c0d89bc1612695f46ca1","timestamp":"2025-06-23T11:05:03.477+03:00","type":"get_dashboard_prometheus"}
{"id":"677e72c836a1e721b17916fd","level":"info","message":"Action performed","sourceId":"6851c0d89bc1612695f46ca1","timestamp":"2025-06-23T11:06:23.108+03:00","type":"get_dashboard_prometheus"}
{"id":"677e72c836a1e721b17916fd","level":"info","message":"Action performed","sourceId":"6851c0d89bc1612695f46ca1","timestamp":"2025-06-23T11:09:40.332+03:00","type":"get_dashboard_prometheus"}
{"id":"677e72c836a1e721b17916fd","level":"info","message":"Action performed","sourceId":"6851c0d89bc1612695f46ca1","timestamp":"2025-06-23T11:09:55.495+03:00","type":"get_dashboard_prometheus"}
{"id":"677e72c836a1e721b17916fd","level":"info","message":"Action performed","sourceId":"6851c0d89bc1612695f46ca1","timestamp":"2025-06-23T11:10:10.361+03:00","type":"get_dashboard_prometheus"}
{"id":"677e72c836a1e721b17916fd","level":"info","message":"Action performed","sourceId":"6851c0d89bc1612695f46ca1","timestamp":"2025-06-23T11:10:25.437+03:00","type":"get_dashboard_prometheus"}
{"id":"677e72c836a1e721b17916fd","level":"info","message":"Action performed","sourceId":"6851c0d89bc1612695f46ca1","timestamp":"2025-06-23T11:10:40.470+03:00","type":"get_dashboard_prometheus"}
{"id":"677e72c836a1e721b17916fd","level":"info","message":"Action performed","sourceId":"6851c0d89bc1612695f46ca1","timestamp":"2025-06-23T11:10:55.629+03:00","type":"get_dashboard_prometheus"}
{"id":"677e72c836a1e721b17916fd","level":"info","message":"Action performed","sourceId":"6851c0d89bc1612695f46ca1","timestamp":"2025-06-23T11:11:10.610+03:00","type":"get_dashboard_prometheus"}
{"id":"677e72c836a1e721b17916fd","level":"info","message":"Action performed","sourceId":"6851c0d89bc1612695f46ca1","timestamp":"2025-06-23T11:11:54.431+03:00","type":"get_dashboard_prometheus"}
{"id":"677e72c836a1e721b17916fd","level":"info","message":"Action performed","sourceId":"6851c0d89bc1612695f46ca1","timestamp":"2025-06-23T11:12:09.321+03:00","type":"get_dashboard_prometheus"}
{"id":"677e72c836a1e721b17916fd","level":"info","message":"Action performed","sourceId":"6851c0d89bc1612695f46ca1","timestamp":"2025-06-23T11:12:24.424+03:00","type":"get_dashboard_prometheus"}
{"id":"677e72c836a1e721b17916fd","level":"info","message":"Action performed","sourceId":"6851c0d89bc1612695f46ca1","timestamp":"2025-06-23T11:12:39.329+03:00","type":"get_dashboard_prometheus"}
{"id":"677e72c836a1e721b17916fd","level":"info","message":"Action performed","sourceId":"6851c0d89bc1612695f46ca1","timestamp":"2025-06-23T11:12:54.525+03:00","type":"get_dashboard_prometheus"}
{"id":"677e72c836a1e721b17916fd","level":"info","message":"Action performed","sourceId":"6851c0d89bc1612695f46ca1","timestamp":"2025-06-23T11:13:09.438+03:00","type":"get_dashboard_prometheus"}
{"id":"677e72c836a1e721b17916fd","level":"info","message":"Action performed","sourceId":"6851c0d89bc1612695f46ca1","timestamp":"2025-06-23T11:13:32.211+03:00","type":"get_dashboard_prometheus"}
{"id":"677e72c836a1e721b17916fd","level":"info","message":"Action performed","sourceId":"6851c0d89bc1612695f46ca1","timestamp":"2025-06-23T11:13:47.120+03:00","type":"get_dashboard_prometheus"}
{"id":"677e72c836a1e721b17916fd","level":"info","message":"Action performed","sourceId":"6851c0d89bc1612695f46ca1","timestamp":"2025-06-23T11:14:02.247+03:00","type":"get_dashboard_prometheus"}
{"id":"677e72c836a1e721b17916fd","level":"info","message":"Action performed","sourceId":"6802bb3ac688a08b0854a39e","timestamp":"2025-06-23T11:24:57.006+03:00","type":"get_dashboard_loki"}
{"id":"677e72c836a1e721b17916fd","level":"info","message":"Action performed","sourceId":"6802bb3ac688a08b0854a39e","timestamp":"2025-06-23T11:24:57.033+03:00","type":"get_dashboard_loki"}
{"id":"677e72c836a1e721b17916fd","level":"info","message":"Action performed","sourceId":"6802bb3ac688a08b0854a39e","timestamp":"2025-06-23T11:24:57.050+03:00","type":"get_dashboard_loki"}
{"id":"677e72c836a1e721b17916fd","level":"info","message":"Action performed","sourceId":"6802bb3ac688a08b0854a39e","timestamp":"2025-06-23T11:24:57.053+03:00","type":"get_dashboard_loki"}
{"id":"677e72c836a1e721b17916fd","level":"info","message":"Action performed","sourceId":"6802bb3ac688a08b0854a39e","timestamp":"2025-06-23T11:25:07.887+03:00","type":"get_dashboard_loki"}
{"id":"677e72c836a1e721b17916fd","level":"info","message":"Action performed","sourceId":"6802bb3ac688a08b0854a39e","timestamp":"2025-06-23T11:25:07.914+03:00","type":"get_dashboard_loki"}
{"id":"677e72c836a1e721b17916fd","level":"info","message":"Action performed","sourceId":"6802bb3ac688a08b0854a39e","timestamp":"2025-06-23T11:25:07.935+03:00","type":"get_dashboard_loki"}
{"id":"677e72c836a1e721b17916fd","level":"info","message":"Action performed","sourceId":"6802bb3ac688a08b0854a39e","timestamp":"2025-06-23T11:25:07.940+03:00","type":"get_dashboard_loki"}
{"id":"677e72c836a1e721b17916fd","level":"info","message":"Action performed","sourceId":"6802bb3ac688a08b0854a39e","timestamp":"2025-06-23T11:25:22.985+03:00","type":"get_dashboard_loki"}
{"id":"677e72c836a1e721b17916fd","level":"info","message":"Action performed","sourceId":"6802bb3ac688a08b0854a39e","timestamp":"2025-06-23T11:25:23.034+03:00","type":"get_dashboard_loki"}
{"id":"677e72c836a1e721b17916fd","level":"info","message":"Action performed","sourceId":"6802bb3ac688a08b0854a39e","timestamp":"2025-06-23T11:26:15.651+03:00","type":"get_dashboard_loki"}
{"id":"677e72c836a1e721b17916fd","level":"info","message":"Action performed","sourceId":"6802bb3ac688a08b0854a39e","timestamp":"2025-06-23T11:26:15.666+03:00","type":"get_dashboard_loki"}
{"id":"677e72c836a1e721b17916fd","level":"info","message":"Action performed","sourceId":"6802bb3ac688a08b0854a39e","timestamp":"2025-06-23T11:26:15.669+03:00","type":"get_dashboard_loki"}
{"id":"677e72c836a1e721b17916fd","level":"info","message":"Action performed","sourceId":"6802bb3ac688a08b0854a39e","timestamp":"2025-06-23T11:26:15.671+03:00","type":"get_dashboard_loki"}
{"id":"677e72c836a1e721b17916fd","level":"info","message":"Action performed","sourceId":"6802bb3ac688a08b0854a39e","timestamp":"2025-06-23T11:26:21.543+03:00","type":"get_dashboard_loki"}
{"id":"677e72c836a1e721b17916fd","level":"info","message":"Action performed","sourceId":"6802bb3ac688a08b0854a39e","timestamp":"2025-06-23T11:26:36.526+03:00","type":"get_dashboard_loki"}
{"id":"677e72c836a1e721b17916fd","level":"info","message":"Action performed","sourceId":"6802bb3ac688a08b0854a39e","timestamp":"2025-06-23T11:26:38.906+03:00","type":"get_dashboard_loki"}
{"id":"677e72c836a1e721b17916fd","level":"info","message":"Action performed","sourceId":"685915a8b2eeee5e2f8b7d94","timestamp":"2025-06-23T11:51:53.141+03:00","type":"upload_csv"}
{"id":"677e72c836a1e721b17916fd","level":"info","message":"Action performed","sourceId":"685915c2b2eeee5e2f8b7e39","timestamp":"2025-06-23T11:52:25.211+03:00","type":"get_dashboard_csv"}
{"id":"677e72c836a1e721b17916fd","level":"info","message":"Action performed","sourceId":"685915c2b2eeee5e2f8b7e39","timestamp":"2025-06-23T11:52:25.217+03:00","type":"get_dashboard_csv"}
{"id":"677e72c836a1e721b17916fd","level":"info","message":"Action performed","sourceId":"6859161ab2eeee5e2f8b7ea1","timestamp":"2025-06-23T11:53:46.572+03:00","type":"add_datasource"}
{"id":"677e72c836a1e721b17916fd","level":"info","message":"Action performed","sourceId":"6859162cb2eeee5e2f8b7f4a","timestamp":"2025-06-23T11:54:12.092+03:00","type":"get_dashboard_loki"}
{"id":"677e72c836a1e721b17916fd","level":"info","message":"Action performed","sourceId":"6859162cb2eeee5e2f8b7f4a","timestamp":"2025-06-23T11:54:12.097+03:00","type":"get_dashboard_loki"}
{"id":"677e72c836a1e721b17916fd","level":"info","message":"Action performed","sourceId":"6859162cb2eeee5e2f8b7f4a","timestamp":"2025-06-23T11:54:12.159+03:00","type":"get_dashboard_loki"}
{"id":"677e72c836a1e721b17916fd","level":"info","message":"Action performed","sourceId":"6859162cb2eeee5e2f8b7f4a","timestamp":"2025-06-23T11:54:12.165+03:00","type":"get_dashboard_loki"}
{"id":"677e72c836a1e721b17916fd","level":"info","message":"Action performed","sourceId":"6859162cb2eeee5e2f8b7f4a","timestamp":"2025-06-23T11:54:18.121+03:00","type":"get_dashboard_loki"}
{"id":"677e72c836a1e721b17916fd","level":"info","message":"Action performed","sourceId":"68591668b2eeee5e2f8b7fb8","timestamp":"2025-06-23T11:55:04.515+03:00","type":"add_datasource"}
{"id":"677e72c836a1e721b17916fd","level":"info","message":"Action performed","sourceId":"6859167cb2eeee5e2f8b8065","timestamp":"2025-06-23T11:56:03.074+03:00","type":"get_dashboard_prometheus"}
{"id":"677e72c836a1e721b17916fd","level":"info","message":"Action performed","sourceId":"6859167cb2eeee5e2f8b8065","timestamp":"2025-06-23T11:56:17.982+03:00","type":"get_dashboard_prometheus"}
{"id":"677e72c836a1e721b17916fd","level":"info","message":"Action performed","sourceId":"6859167cb2eeee5e2f8b8065","timestamp":"2025-06-23T11:56:33.083+03:00","type":"get_dashboard_prometheus"}
